<?xml version="1.0" encoding="UTF-8"?>
<!-- Generated by org.testng.reporters.JUnitReportReporter -->
<testsuite skipped="0" hostname="LAPTOP-Q97UB95Q" name="TestScripts.SwymAutomation.AppTest" tests="1" failures="0" timestamp="2021-12-19T23:33:05 IST" time="0.005" errors="0">
  <testcase name="shouldAnswerWithTrue" time="0.005" classname="TestScripts.SwymAutomation.AppTest"/>
  <system-out/>
</testsuite> <!-- TestScripts.SwymAutomation.AppTest -->
