<?xml version="1.0" encoding="UTF-8"?>
<!-- Generated by org.testng.reporters.JUnitReportReporter -->
<testsuite hostname="LAPTOP-Q97UB95Q" failures="0" tests="1" name="TestScripts.SwymAutomation.PageObjects.Goldcast" time="19.069" errors="0" timestamp="14 Dec 2021 10:42:16 GMT">
  <testcase classname="TestScripts.SwymAutomation.PageObjects.Goldcast" name="testcase" time="19.069"/>
</testsuite> <!-- TestScripts.SwymAutomation.PageObjects.Goldcast -->
