<?xml version="1.0" encoding="UTF-8"?>
<!-- Generated by org.testng.reporters.JUnitReportReporter -->
<testsuite hostname="LAPTOP-Q97UB95Q" failures="0" tests="5" name="TestScripts.SwymAutomation.TestScripts.TestCases" time="27.764" errors="0" timestamp="2021-12-19T19:07:16 IST" skipped="0">
  <testcase classname="TestScripts.SwymAutomation.TestScripts.TestCases" name="tc_tc1e_logout" time="0.272"/>
  <system-out/>
  <testcase classname="TestScripts.SwymAutomation.TestScripts.TestCases" name="tc_tc1a_clickSignInButton" time="6.279"/>
  <system-out/>
  <testcase classname="TestScripts.SwymAutomation.TestScripts.TestCases" name="tc_tc1b_signinPage" time="6.823"/>
  <system-out/>
  <testcase classname="TestScripts.SwymAutomation.TestScripts.TestCases" name="tc_tc1c_homePage" time="11.607"/>
  <system-out/>
  <testcase classname="TestScripts.SwymAutomation.TestScripts.TestCases" name="tc_tc1d_profilePage" time="2.783"/>
  <system-out/>
</testsuite> <!-- TestScripts.SwymAutomation.TestScripts.TestCases -->
